2018-08-08 10:38:23,037 [1] INFO  ClientVersion - select * from card_configsMySql.Data.MySqlClient.MySqlException (0x80004005): Host 'DESKTOP-TNQJH6Q' is not allowed to connect to this MySQL server
   在 MySql.Data.MySqlClient.MySqlStream.ReadPacket()
   在 MySql.Data.MySqlClient.NativeDriver.Open()
   在 MySql.Data.MySqlClient.Driver.Open()
   在 MySql.Data.MySqlClient.Driver.Create(MySqlConnectionStringBuilder settings)
   在 MySql.Data.MySqlClient.MySqlPool.CreateNewPooledConnection()
   在 MySql.Data.MySqlClient.MySqlPool.GetPooledConnection()
   在 MySql.Data.MySqlClient.MySqlPool.TryToGetDriver()
   在 MySql.Data.MySqlClient.MySqlPool.GetConnection()
   在 MySql.Data.MySqlClient.MySqlConnection.Open()
   在 System.Data.Common.DbDataAdapter.FillInternal(DataSet dataset, DataTable[] datatables, Int32 startRecord, Int32 maxRecords, String srcTable, IDbCommand command, CommandBehavior behavior)
   在 System.Data.Common.DbDataAdapter.Fill(DataSet dataSet, Int32 startRecord, Int32 maxRecords, String srcTable, IDbCommand command, CommandBehavior behavior)
   在 System.Data.Common.DbDataAdapter.Fill(DataSet dataSet)
   在 JDWebBase.MySQLProvider.Read(String sql) 位置 E:\web\JDWeb\JDWebBase\DataBase\MySQLDBProvider.cs:行号 71
2018-08-08 10:45:28,848 [1] INFO  ClientVersion - test
2018-08-08 13:27:50,406 [44] INFO  ClientVersion - INSERT into card_configs (GameType,Cards,`Status`,Remarks)VALUES('宁海麻将','1,1,1,,1,1,1,,1,,1,1,1,1,1,1,1,1,,2,,2,,2,2,,2,2,',1,'test')MySql.Data.MySqlClient.MySqlException (0x80004005): Field 'index' doesn't have a default value
   在 MySql.Data.MySqlClient.MySqlStream.ReadPacket()
   在 MySql.Data.MySqlClient.NativeDriver.GetResult(Int32& affectedRow, Int64& insertedId)
   在 MySql.Data.MySqlClient.Driver.GetResult(Int32 statementId, Int32& affectedRows, Int64& insertedId)
   在 MySql.Data.MySqlClient.Driver.NextResult(Int32 statementId, Boolean force)
   在 MySql.Data.MySqlClient.MySqlDataReader.NextResult()
   在 MySql.Data.MySqlClient.MySqlCommand.ExecuteReader(CommandBehavior behavior)
   在 MySql.Data.MySqlClient.MySqlCommand.ExecuteNonQuery()
   在 JDWebBase.MySQLProvider.Write(String sql) 位置 E:\web\JDWeb\JDWebBase\DataBase\MySQLDBProvider.cs:行号 92
